<?xml version="1.0" encoding="UTF-8"?>
<testng-results total="1" passed="1" failed="0" skipped="0">
  <reporter-output>
  </reporter-output>
  <suite started-at="2021-04-04T08:49:52Z" name="Default suite" finished-at="2021-04-04T08:51:48Z" duration-ms="116557">
    <groups>
    </groups>
    <test started-at="2021-04-04T08:49:52Z" name="Default test" finished-at="2021-04-04T08:51:48Z" duration-ms="116557">
      <class name="com.lumens.testcases.Loginpagetest">
        <test-method is-config="true" signature="Setup()[pri:0, instance:com.lumens.testcases.Loginpagetest@7c711375]" started-at="2021-04-04T14:19:52Z" name="Setup" finished-at="2021-04-04T14:20:26Z" duration-ms="34349" status="PASS">
          <reporter-output>
          </reporter-output>
        </test-method> <!-- Setup -->
        <test-method signature="logintest()[pri:0, instance:com.lumens.testcases.Loginpagetest@7c711375]" started-at="2021-04-04T14:20:26Z" name="logintest" finished-at="2021-04-04T14:21:48Z" duration-ms="82187" status="PASS">
          <reporter-output>
          </reporter-output>
        </test-method> <!-- logintest -->
      </class> <!-- com.lumens.testcases.Loginpagetest -->
    </test> <!-- Default test -->
  </suite> <!-- Default suite -->
</testng-results>
